<?xml version="1.0" encoding="UTF-8"?>
<testsuite name="br.com.fiap.foodtech.produtoservicefase4.domain.usecase.DeleteProdutoUsecaseTest" tests="2" skipped="0" failures="0" errors="0" timestamp="2024-12-03T00:11:04" hostname="DESKTOP-FELIPE" time="0.015">
  <properties/>
  <testcase name="deleteProduto_NullProduto()" classname="br.com.fiap.foodtech.produtoservicefase4.domain.usecase.DeleteProdutoUsecaseTest" time="0.011"/>
  <testcase name="deleteProduto_HappyPath()" classname="br.com.fiap.foodtech.produtoservicefase4.domain.usecase.DeleteProdutoUsecaseTest" time="0.003"/>
  <system-out><![CDATA[]]></system-out>
  <system-err><![CDATA[]]></system-err>
</testsuite>
