<?xml version="1.0" encoding="UTF-8"?>
<testsuite name="br.com.fiap.foodtech.produtoservicefase4.domain.usecase.CreateProdutoUsecaseTest" tests="2" skipped="0" failures="0" errors="0" timestamp="2024-12-03T00:11:04" hostname="DESKTOP-FELIPE" time="0.095">
  <properties/>
  <testcase name="createProduto_HappyPath()" classname="br.com.fiap.foodtech.produtoservicefase4.domain.usecase.CreateProdutoUsecaseTest" time="0.092"/>
  <testcase name="createProduto_NullProduto()" classname="br.com.fiap.foodtech.produtoservicefase4.domain.usecase.CreateProdutoUsecaseTest" time="0.002"/>
  <system-out><![CDATA[]]></system-out>
  <system-err><![CDATA[]]></system-err>
</testsuite>
