<?xml version="1.0" encoding="UTF-8"?>
<testsuite name="br.com.fiap.foodtech.produtoservicefase4.domain.usecase.UpdateProdutoUsecaseTest" tests="3" skipped="0" failures="0" errors="0" timestamp="2024-12-03T00:11:04" hostname="DESKTOP-FELIPE" time="0.005">
  <properties/>
  <testcase name="updateProduto_HappyPath()" classname="br.com.fiap.foodtech.produtoservicefase4.domain.usecase.UpdateProdutoUsecaseTest" time="0.001"/>
  <testcase name="updateProduto_NullId()" classname="br.com.fiap.foodtech.produtoservicefase4.domain.usecase.UpdateProdutoUsecaseTest" time="0.001"/>
  <testcase name="updateProduto_NonExistingId()" classname="br.com.fiap.foodtech.produtoservicefase4.domain.usecase.UpdateProdutoUsecaseTest" time="0.001"/>
  <system-out><![CDATA[]]></system-out>
  <system-err><![CDATA[]]></system-err>
</testsuite>
