<?xml version="1.0" encoding="UTF-8"?>
<testsuite name="br.com.fiap.foodtech.produtoservicefase4.app.controllers.ProdutoControllerIntegrationTest" tests="7" skipped="0" failures="0" errors="0" timestamp="2024-12-03T00:11:03" hostname="DESKTOP-FELIPE" time="0.692">
  <properties/>
  <testcase name="updateProduto_Success()" classname="br.com.fiap.foodtech.produtoservicefase4.app.controllers.ProdutoControllerIntegrationTest" time="0.474"/>
  <testcase name="deleteProduto_Success()" classname="br.com.fiap.foodtech.produtoservicefase4.app.controllers.ProdutoControllerIntegrationTest" time="0.018"/>
  <testcase name="createProduto_Success()" classname="br.com.fiap.foodtech.produtoservicefase4.app.controllers.ProdutoControllerIntegrationTest" time="0.016"/>
  <testcase name="Teste de busca todos os produtos" classname="br.com.fiap.foodtech.produtoservicefase4.app.controllers.ProdutoControllerIntegrationTest" time="0.121"/>
  <testcase name="search_EnumValidationException()" classname="br.com.fiap.foodtech.produtoservicefase4.app.controllers.ProdutoControllerIntegrationTest" time="0.016"/>
  <testcase name="getProdutoById_EntityNotFoundException()" classname="br.com.fiap.foodtech.produtoservicefase4.app.controllers.ProdutoControllerIntegrationTest" time="0.008"/>
  <testcase name="Teste de busca de produtos por categoria" classname="br.com.fiap.foodtech.produtoservicefase4.app.controllers.ProdutoControllerIntegrationTest" time="0.033"/>
  <system-out><![CDATA[2024-12-02T21:11:02.551-03:00  INFO 20848 --- [    Test worker] t.c.s.AnnotationConfigContextLoaderUtils : Could not detect default configuration classes for test class [br.com.fiap.foodtech.produtoservicefase4.app.controllers.ProdutoControllerIntegrationTest]: ProdutoControllerIntegrationTest does not declare any static, non-private, non-final, nested classes annotated with @Configuration.
2024-12-02T21:11:02.571-03:00  INFO 20848 --- [    Test worker] .b.t.c.SpringBootTestContextBootstrapper : Found @SpringBootConfiguration br.com.fiap.foodtech.produtoservicefase4.Produtoservicefase4Application for test class br.com.fiap.foodtech.produtoservicefase4.app.controllers.ProdutoControllerIntegrationTest

  .   ____          _            __ _ _
 /\\ / ___'_ __ _ _(_)_ __  __ _ \ \ \ \
( ( )\___ | '_ | '_| | '_ \/ _` | \ \ \ \
 \\/  ___)| |_)| | | | | || (_| |  ) ) ) )
  '  |____| .__|_| |_|_| |_\__, | / / / /
 =========|_|==============|___/=/_/_/_/
 :: Spring Boot ::                (v3.2.5)

2024-12-02T21:11:02.603-03:00  INFO 20848 --- [    Test worker] f.p.a.c.ProdutoControllerIntegrationTest : Starting ProdutoControllerIntegrationTest using Java 17.0.8 with PID 20848 (started by User in Y:\FIAP\repositorios\fase4\grupo27-6soat-fiap-foodtech-fase04-produto-service)
2024-12-02T21:11:02.603-03:00  INFO 20848 --- [    Test worker] f.p.a.c.ProdutoControllerIntegrationTest : The following 1 profile is active: "test"
2024-12-02T21:11:02.792-03:00  INFO 20848 --- [    Test worker] .s.d.r.c.RepositoryConfigurationDelegate : Bootstrapping Spring Data JPA repositories in DEFAULT mode.
2024-12-02T21:11:02.805-03:00  INFO 20848 --- [    Test worker] .s.d.r.c.RepositoryConfigurationDelegate : Finished Spring Data repository scanning in 12 ms. Found 1 JPA repository interface.
2024-12-02T21:11:02.904-03:00  INFO 20848 --- [    Test worker] o.hibernate.jpa.internal.util.LogHelper  : HHH000204: Processing PersistenceUnitInfo [name: default]
2024-12-02T21:11:02.906-03:00  INFO 20848 --- [    Test worker] o.h.c.internal.RegionFactoryInitiator    : HHH000026: Second-level cache disabled
2024-12-02T21:11:02.911-03:00  INFO 20848 --- [    Test worker] o.s.o.j.p.SpringPersistenceUnitInfo      : No LoadTimeWeaver setup: ignoring JPA class transformer
2024-12-02T21:11:02.912-03:00  INFO 20848 --- [    Test worker] com.zaxxer.hikari.HikariDataSource       : HikariPool-2 - Starting...
2024-12-02T21:11:02.913-03:00  INFO 20848 --- [    Test worker] com.zaxxer.hikari.pool.HikariPool        : HikariPool-2 - Added connection conn10: url=jdbc:h2:mem:dbtest user=SA
2024-12-02T21:11:02.913-03:00  INFO 20848 --- [    Test worker] com.zaxxer.hikari.HikariDataSource       : HikariPool-2 - Start completed.
2024-12-02T21:11:02.913-03:00  WARN 20848 --- [    Test worker] org.hibernate.orm.deprecation            : HHH90000025: H2Dialect does not need to be specified explicitly using 'hibernate.dialect' (remove the property setting and it will be selected by default)
2024-12-02T21:11:02.958-03:00  INFO 20848 --- [    Test worker] o.h.e.t.j.p.i.JtaPlatformInitiator       : HHH000489: No JTA platform available (set 'hibernate.transaction.jta.platform' to enable JTA platform integration)
2024-12-02T21:11:02.964-03:00  INFO 20848 --- [    Test worker] j.LocalContainerEntityManagerFactoryBean : Initialized JPA EntityManagerFactory for persistence unit 'default'
2024-12-02T21:11:03.049-03:00  WARN 20848 --- [    Test worker] JpaBaseConfiguration$JpaWebConfiguration : spring.jpa.open-in-view is enabled by default. Therefore, database queries may be performed during view rendering. Explicitly configure spring.jpa.open-in-view to disable this warning
2024-12-02T21:11:03.178-03:00  INFO 20848 --- [    Test worker] o.s.b.t.m.w.SpringBootMockServletContext : Initializing Spring TestDispatcherServlet ''
2024-12-02T21:11:03.178-03:00  INFO 20848 --- [    Test worker] o.s.t.web.servlet.TestDispatcherServlet  : Initializing Servlet ''
2024-12-02T21:11:03.180-03:00  INFO 20848 --- [    Test worker] o.s.t.web.servlet.TestDispatcherServlet  : Completed initialization in 1 ms
2024-12-02T21:11:03.188-03:00  INFO 20848 --- [    Test worker] f.p.a.c.ProdutoControllerIntegrationTest : Started ProdutoControllerIntegrationTest in 0.612 seconds (process running for 9.056)
]]></system-out>
  <system-err><![CDATA[]]></system-err>
</testsuite>
