<?xml version="1.0" encoding="UTF-8"?>
<testsuite name="br.com.fiap.foodtech.produtoservicefase4.Produtoservicefase4ApplicationTests" tests="1" skipped="0" failures="0" errors="0" timestamp="2024-12-03T00:11:01" hostname="DESKTOP-FELIPE" time="0.567">
  <properties/>
  <testcase name="contextLoads()" classname="br.com.fiap.foodtech.produtoservicefase4.Produtoservicefase4ApplicationTests" time="0.567"/>
  <system-out><![CDATA[21:10:55.718 [Test worker] INFO org.springframework.test.context.support.AnnotationConfigContextLoaderUtils -- Could not detect default configuration classes for test class [br.com.fiap.foodtech.produtoservicefase4.Produtoservicefase4ApplicationTests]: Produtoservicefase4ApplicationTests does not declare any static, non-private, non-final, nested classes annotated with @Configuration.
21:10:55.917 [Test worker] INFO org.springframework.boot.test.context.SpringBootTestContextBootstrapper -- Found @SpringBootConfiguration br.com.fiap.foodtech.produtoservicefase4.Produtoservicefase4Application for test class br.com.fiap.foodtech.produtoservicefase4.Produtoservicefase4ApplicationTests

  .   ____          _            __ _ _
 /\\ / ___'_ __ _ _(_)_ __  __ _ \ \ \ \
( ( )\___ | '_ | '_| | '_ \/ _` | \ \ \ \
 \\/  ___)| |_)| | | | | || (_| |  ) ) ) )
  '  |____| .__|_| |_|_| |_\__, | / / / /
 =========|_|==============|___/=/_/_/_/
 :: Spring Boot ::                (v3.2.5)

2024-12-02T21:10:56.575-03:00  INFO 20848 --- [    Test worker] .f.p.Produtoservicefase4ApplicationTests : Starting Produtoservicefase4ApplicationTests using Java 17.0.8 with PID 20848 (started by User in Y:\FIAP\repositorios\fase4\grupo27-6soat-fiap-foodtech-fase04-produto-service)
2024-12-02T21:10:56.578-03:00  INFO 20848 --- [    Test worker] .f.p.Produtoservicefase4ApplicationTests : No active profile set, falling back to 1 default profile: "default"
2024-12-02T21:10:57.527-03:00  INFO 20848 --- [    Test worker] .s.d.r.c.RepositoryConfigurationDelegate : Bootstrapping Spring Data JPA repositories in DEFAULT mode.
2024-12-02T21:10:57.613-03:00  INFO 20848 --- [    Test worker] .s.d.r.c.RepositoryConfigurationDelegate : Finished Spring Data repository scanning in 76 ms. Found 1 JPA repository interface.
2024-12-02T21:10:58.262-03:00  INFO 20848 --- [    Test worker] o.hibernate.jpa.internal.util.LogHelper  : HHH000204: Processing PersistenceUnitInfo [name: default]
2024-12-02T21:10:58.358-03:00  INFO 20848 --- [    Test worker] org.hibernate.Version                    : HHH000412: Hibernate ORM core version 6.4.4.Final
2024-12-02T21:10:58.411-03:00  INFO 20848 --- [    Test worker] o.h.c.internal.RegionFactoryInitiator    : HHH000026: Second-level cache disabled
2024-12-02T21:10:58.757-03:00  INFO 20848 --- [    Test worker] o.s.o.j.p.SpringPersistenceUnitInfo      : No LoadTimeWeaver setup: ignoring JPA class transformer
2024-12-02T21:10:58.798-03:00  INFO 20848 --- [    Test worker] com.zaxxer.hikari.HikariDataSource       : HikariPool-1 - Starting...
2024-12-02T21:10:59.145-03:00  INFO 20848 --- [    Test worker] com.zaxxer.hikari.pool.HikariPool        : HikariPool-1 - Added connection conn0: url=jdbc:h2:mem:dbtest user=SA
2024-12-02T21:10:59.147-03:00  INFO 20848 --- [    Test worker] com.zaxxer.hikari.HikariDataSource       : HikariPool-1 - Start completed.
2024-12-02T21:10:59.183-03:00  WARN 20848 --- [    Test worker] org.hibernate.orm.deprecation            : HHH90000025: H2Dialect does not need to be specified explicitly using 'hibernate.dialect' (remove the property setting and it will be selected by default)
2024-12-02T21:11:00.476-03:00  INFO 20848 --- [    Test worker] o.h.e.t.j.p.i.JtaPlatformInitiator       : HHH000489: No JTA platform available (set 'hibernate.transaction.jta.platform' to enable JTA platform integration)
2024-12-02T21:11:00.548-03:00  INFO 20848 --- [    Test worker] j.LocalContainerEntityManagerFactoryBean : Initialized JPA EntityManagerFactory for persistence unit 'default'
2024-12-02T21:11:01.301-03:00  WARN 20848 --- [    Test worker] JpaBaseConfiguration$JpaWebConfiguration : spring.jpa.open-in-view is enabled by default. Therefore, database queries may be performed during view rendering. Explicitly configure spring.jpa.open-in-view to disable this warning
2024-12-02T21:11:01.955-03:00  INFO 20848 --- [    Test worker] .f.p.Produtoservicefase4ApplicationTests : Started Produtoservicefase4ApplicationTests in 5.736 seconds (process running for 7.822)
]]></system-out>
  <system-err><![CDATA[]]></system-err>
</testsuite>
