<?xml version="1.0" encoding="UTF-8"?>
<testsuite name="br.com.fiap.foodtech.produtoservicefase4.app.validation.ValidationErrorResponseTest" tests="1" skipped="0" failures="0" errors="0" timestamp="2024-12-03T00:11:04" hostname="DESKTOP-FELIPE" time="0.004">
  <properties/>
  <testcase name="testValidationErrorResponse()" classname="br.com.fiap.foodtech.produtoservicefase4.app.validation.ValidationErrorResponseTest" time="0.004"/>
  <system-out><![CDATA[]]></system-out>
  <system-err><![CDATA[]]></system-err>
</testsuite>
